<?xml version="1.0" encoding="UTF-8"?>
<!-- Generated by org.testng.reporters.JUnitXMLReporter -->
<testsuite ignored="2" hostname="MSI" failures="2" tests="2" name="Test" time="23.33" errors="0" timestamp="2025-04-11T07:33:18 IST">
  <testcase classname="inventoryTest.AddLowestProductToCardTest" name="tc_001_AddProductToCartTest" time="0.967">
    <failure type="java.lang.NullPointerException" message="Cannot invoke &amp;quot;org.apache.poi.ss.usermodel.Sheet.getRow(int)&amp;quot; because the return value of &amp;quot;org.apache.poi.ss.usermodel.Workbook.getSheet(String)&amp;quot; is null">
      <![CDATA[java.lang.NullPointerException: Cannot invoke "org.apache.poi.ss.usermodel.Sheet.getRow(int)" because the return value of "org.apache.poi.ss.usermodel.Workbook.getSheet(String)" is null
at GenericUtilities.FileUtility.readDataFromExcel(FileUtility.java:47)
at inventoryTest.AddLowestProductToCardTest.tc_001_AddProductToCartTest(AddLowestProductToCardTest.java:24)
at java.base/java.util.ArrayList.forEach(ArrayList.java:1597)
... Removed 25 stack frames]]>
    </failure>
  </testcase> <!-- tc_001_AddProductToCartTest -->
  <testcase classname="inventoryTest.AddProductToCartTest" name="tc_001_AddProductToCartTest" time="3.826">
    <failure type="java.lang.AssertionError" message="null">
      <![CDATA[java.lang.AssertionError: null
at inventoryTest.AddProductToCartTest.tc_001_AddProductToCartTest(AddProductToCartTest.java:82)
at java.base/java.util.ArrayList.forEach(ArrayList.java:1597)
... Removed 27 stack frames]]>
    </failure>
  </testcase> <!-- tc_001_AddProductToCartTest -->
  <testcase classname="GenericUtilities.BaseClass" name="@AfterSuite dBConnectionclose" time="0.0">
    <ignored/>
  </testcase> <!-- @AfterSuite dBConnectionclose -->
  <testcase classname="GenericUtilities.BaseClass" name="@BeforeSuite dBConnection" time="0.0">
    <ignored/>
  </testcase> <!-- @BeforeSuite dBConnection -->
</testsuite> <!-- Test -->
